
> out_found_ui@1.0.0 dev
> vite


  VITE v7.3.1  ready in 221 ms

  ➜  Local:   http://localhost:5173/
  ➜  Network: use --host to expose
4:15:15 AM [vite] (client) Pre-transform error: /app/out_found_ui/src/pages/CaseIntake.tsx: Unexpected token (90:47)

  88 |               <FormControl sx={{ flex: 1 }}>
  89 |                 <FormLabel>Height</FormLabel>
> 90 |                 <Input placeholder="e.g. 5'10\"" />
     |                                                ^
  91 |               </FormControl>
  92 |               <FormControl sx={{ flex: 1 }}>
  93 |                 <FormLabel>Weight</FormLabel>
  Plugin: vite:react-babel
  File: /app/out_found_ui/src/pages/CaseIntake.tsx:90:47
  88 |                <FormControl sx={{ flex: 1 }}>
  89 |                  <FormLabel>Height</FormLabel>
  90 |                  <Input placeholder="e.g. 5'10\"" />
     |                                                 ^
  91 |                </FormControl>
  92 |                <FormControl sx={{ flex: 1 }}>
4:15:15 AM [vite] Internal server error: /app/out_found_ui/src/pages/CaseIntake.tsx: Unexpected token (90:47)

  88 |               <FormControl sx={{ flex: 1 }}>
  89 |                 <FormLabel>Height</FormLabel>
> 90 |                 <Input placeholder="e.g. 5'10\"" />
     |                                                ^
  91 |               </FormControl>
  92 |               <FormControl sx={{ flex: 1 }}>
  93 |                 <FormLabel>Weight</FormLabel>
  Plugin: vite:react-babel
  File: /app/out_found_ui/src/pages/CaseIntake.tsx:90:47
  88 |                <FormControl sx={{ flex: 1 }}>
  89 |                  <FormLabel>Height</FormLabel>
  90 |                  <Input placeholder="e.g. 5'10\"" />
     |                                                 ^
  91 |                </FormControl>
  92 |                <FormControl sx={{ flex: 1 }}>
      at constructor (/app/out_found_ui/node_modules/@babel/parser/lib/index.js:365:19)
      at TypeScriptParserMixin.raise (/app/out_found_ui/node_modules/@babel/parser/lib/index.js:6599:19)
      at TypeScriptParserMixin.unexpected (/app/out_found_ui/node_modules/@babel/parser/lib/index.js:6619:16)
      at TypeScriptParserMixin.jsxParseIdentifier (/app/out_found_ui/node_modules/@babel/parser/lib/index.js:4569:12)
      at TypeScriptParserMixin.jsxParseNamespacedName (/app/out_found_ui/node_modules/@babel/parser/lib/index.js:4576:23)
      at TypeScriptParserMixin.jsxParseAttribute (/app/out_found_ui/node_modules/@babel/parser/lib/index.js:4652:22)
      at TypeScriptParserMixin.jsxParseOpeningElementAfterName (/app/out_found_ui/node_modules/@babel/parser/lib/index.js:4667:28)
      at TypeScriptParserMixin.jsxParseOpeningElementAfterName (/app/out_found_ui/node_modules/@babel/parser/lib/index.js:10043:18)
      at TypeScriptParserMixin.jsxParseOpeningElementAt (/app/out_found_ui/node_modules/@babel/parser/lib/index.js:4662:17)
      at TypeScriptParserMixin.jsxParseElementAt (/app/out_found_ui/node_modules/@babel/parser/lib/index.js:4686:33)
      at TypeScriptParserMixin.jsxParseElementAt (/app/out_found_ui/node_modules/@babel/parser/lib/index.js:4698:32)
      at TypeScriptParserMixin.jsxParseElementAt (/app/out_found_ui/node_modules/@babel/parser/lib/index.js:4698:32)
      at TypeScriptParserMixin.jsxParseElementAt (/app/out_found_ui/node_modules/@babel/parser/lib/index.js:4698:32)
      at TypeScriptParserMixin.jsxParseElement (/app/out_found_ui/node_modules/@babel/parser/lib/index.js:4749:17)
      at TypeScriptParserMixin.parseExprAtom (/app/out_found_ui/node_modules/@babel/parser/lib/index.js:4759:19)
      at TypeScriptParserMixin.parseExprSubscripts (/app/out_found_ui/node_modules/@babel/parser/lib/index.js:11081:23)
      at TypeScriptParserMixin.parseUpdate (/app/out_found_ui/node_modules/@babel/parser/lib/index.js:11066:21)
      at TypeScriptParserMixin.parseMaybeUnary (/app/out_found_ui/node_modules/@babel/parser/lib/index.js:11046:23)
      at TypeScriptParserMixin.parseMaybeUnary (/app/out_found_ui/node_modules/@babel/parser/lib/index.js:9837:18)
      at TypeScriptParserMixin.parseMaybeUnaryOrPrivate (/app/out_found_ui/node_modules/@babel/parser/lib/index.js:10899:61)
      at TypeScriptParserMixin.parseExprOps (/app/out_found_ui/node_modules/@babel/parser/lib/index.js:10904:23)
      at TypeScriptParserMixin.parseMaybeConditional (/app/out_found_ui/node_modules/@babel/parser/lib/index.js:10881:23)
      at TypeScriptParserMixin.parseMaybeAssign (/app/out_found_ui/node_modules/@babel/parser/lib/index.js:10831:21)
      at /app/out_found_ui/node_modules/@babel/parser/lib/index.js:9775:39
      at TypeScriptParserMixin.tryParse (/app/out_found_ui/node_modules/@babel/parser/lib/index.js:6907:20)
      at TypeScriptParserMixin.parseMaybeAssign (/app/out_found_ui/node_modules/@babel/parser/lib/index.js:9775:18)
      at /app/out_found_ui/node_modules/@babel/parser/lib/index.js:10800:39
      at TypeScriptParserMixin.allowInAnd (/app/out_found_ui/node_modules/@babel/parser/lib/index.js:12426:12)
      at TypeScriptParserMixin.parseMaybeAssignAllowIn (/app/out_found_ui/node_modules/@babel/parser/lib/index.js:10800:17)
      at TypeScriptParserMixin.parseMaybeAssignAllowInOrVoidPattern (/app/out_found_ui/node_modules/@babel/parser/lib/index.js:12493:17)
      at TypeScriptParserMixin.parseParenAndDistinguishExpression (/app/out_found_ui/node_modules/@babel/parser/lib/index.js:11675:28)
      at TypeScriptParserMixin.parseExprAtom (/app/out_found_ui/node_modules/@babel/parser/lib/index.js:11331:23)
      at TypeScriptParserMixin.parseExprAtom (/app/out_found_ui/node_modules/@babel/parser/lib/index.js:4764:20)
      at TypeScriptParserMixin.parseExprSubscripts (/app/out_found_ui/node_modules/@babel/parser/lib/index.js:11081:23)
      at TypeScriptParserMixin.parseUpdate (/app/out_found_ui/node_modules/@babel/parser/lib/index.js:11066:21)
      at TypeScriptParserMixin.parseMaybeUnary (/app/out_found_ui/node_modules/@babel/parser/lib/index.js:11046:23)
      at TypeScriptParserMixin.parseMaybeUnary (/app/out_found_ui/node_modules/@babel/parser/lib/index.js:9837:18)
      at TypeScriptParserMixin.parseMaybeUnaryOrPrivate (/app/out_found_ui/node_modules/@babel/parser/lib/index.js:10899:61)
      at TypeScriptParserMixin.parseExprOps (/app/out_found_ui/node_modules/@babel/parser/lib/index.js:10904:23)
      at TypeScriptParserMixin.parseMaybeConditional (/app/out_found_ui/node_modules/@babel/parser/lib/index.js:10881:23)
      at TypeScriptParserMixin.parseMaybeAssign (/app/out_found_ui/node_modules/@babel/parser/lib/index.js:10831:21)
      at TypeScriptParserMixin.parseMaybeAssign (/app/out_found_ui/node_modules/@babel/parser/lib/index.js:9786:20)
      at TypeScriptParserMixin.parseExpressionBase (/app/out_found_ui/node_modules/@babel/parser/lib/index.js:10784:23)
      at /app/out_found_ui/node_modules/@babel/parser/lib/index.js:10780:39
      at TypeScriptParserMixin.allowInAnd (/app/out_found_ui/node_modules/@babel/parser/lib/index.js:12421:16)
      at TypeScriptParserMixin.parseExpression (/app/out_found_ui/node_modules/@babel/parser/lib/index.js:10780:17)
      at TypeScriptParserMixin.parseReturnStatement (/app/out_found_ui/node_modules/@babel/parser/lib/index.js:13142:28)
      at TypeScriptParserMixin.parseStatementContent (/app/out_found_ui/node_modules/@babel/parser/lib/index.js:12798:21)
      at TypeScriptParserMixin.parseStatementContent (/app/out_found_ui/node_modules/@babel/parser/lib/index.js:9508:18)
      at TypeScriptParserMixin.parseStatementLike (/app/out_found_ui/node_modules/@babel/parser/lib/index.js:12767:17)
4:15:17 AM [vite] (client) ✨ new dependencies optimized: react-dom/client, @mui/joy/styles, react-router-dom, @mui/joy, @mui/icons-material/Search, @mui/icons-material/Dashboard, @mui/icons-material/AddCircle, @mui/icons-material/Gavel, @mui/icons-material/Settings, @mui/icons-material/Face, @mui/icons-material/Description, @mui/icons-material/Explore, @mui/icons-material/FileDownload, @mui/icons-material/Send
4:15:17 AM [vite] (client) ✨ optimized dependencies changed. reloading
4:15:17 AM [vite] (client) Pre-transform error: /app/out_found_ui/src/pages/CaseIntake.tsx: Unexpected token (90:47)

  88 |               <FormControl sx={{ flex: 1 }}>
  89 |                 <FormLabel>Height</FormLabel>
> 90 |                 <Input placeholder="e.g. 5'10\"" />
     |                                                ^
  91 |               </FormControl>
  92 |               <FormControl sx={{ flex: 1 }}>
  93 |                 <FormLabel>Weight</FormLabel>
  Plugin: vite:react-babel
  File: /app/out_found_ui/src/pages/CaseIntake.tsx:90:47
  88 |                <FormControl sx={{ flex: 1 }}>
  89 |                  <FormLabel>Height</FormLabel>
  90 |                  <Input placeholder="e.g. 5'10\"" />
     |                                                 ^
  91 |                </FormControl>
  92 |                <FormControl sx={{ flex: 1 }}>
4:15:17 AM [vite] Internal server error: /app/out_found_ui/src/pages/CaseIntake.tsx: Unexpected token (90:47)

  88 |               <FormControl sx={{ flex: 1 }}>
  89 |                 <FormLabel>Height</FormLabel>
> 90 |                 <Input placeholder="e.g. 5'10\"" />
     |                                                ^
  91 |               </FormControl>
  92 |               <FormControl sx={{ flex: 1 }}>
  93 |                 <FormLabel>Weight</FormLabel>
  Plugin: vite:react-babel
  File: /app/out_found_ui/src/pages/CaseIntake.tsx:90:47
  88 |                <FormControl sx={{ flex: 1 }}>
  89 |                  <FormLabel>Height</FormLabel>
  90 |                  <Input placeholder="e.g. 5'10\"" />
     |                                                 ^
  91 |                </FormControl>
  92 |                <FormControl sx={{ flex: 1 }}>
      at constructor (/app/out_found_ui/node_modules/@babel/parser/lib/index.js:365:19)
      at TypeScriptParserMixin.raise (/app/out_found_ui/node_modules/@babel/parser/lib/index.js:6599:19)
      at TypeScriptParserMixin.unexpected (/app/out_found_ui/node_modules/@babel/parser/lib/index.js:6619:16)
      at TypeScriptParserMixin.jsxParseIdentifier (/app/out_found_ui/node_modules/@babel/parser/lib/index.js:4569:12)
      at TypeScriptParserMixin.jsxParseNamespacedName (/app/out_found_ui/node_modules/@babel/parser/lib/index.js:4576:23)
      at TypeScriptParserMixin.jsxParseAttribute (/app/out_found_ui/node_modules/@babel/parser/lib/index.js:4652:22)
      at TypeScriptParserMixin.jsxParseOpeningElementAfterName (/app/out_found_ui/node_modules/@babel/parser/lib/index.js:4667:28)
      at TypeScriptParserMixin.jsxParseOpeningElementAfterName (/app/out_found_ui/node_modules/@babel/parser/lib/index.js:10043:18)
      at TypeScriptParserMixin.jsxParseOpeningElementAt (/app/out_found_ui/node_modules/@babel/parser/lib/index.js:4662:17)
      at TypeScriptParserMixin.jsxParseElementAt (/app/out_found_ui/node_modules/@babel/parser/lib/index.js:4686:33)
      at TypeScriptParserMixin.jsxParseElementAt (/app/out_found_ui/node_modules/@babel/parser/lib/index.js:4698:32)
      at TypeScriptParserMixin.jsxParseElementAt (/app/out_found_ui/node_modules/@babel/parser/lib/index.js:4698:32)
      at TypeScriptParserMixin.jsxParseElementAt (/app/out_found_ui/node_modules/@babel/parser/lib/index.js:4698:32)
      at TypeScriptParserMixin.jsxParseElement (/app/out_found_ui/node_modules/@babel/parser/lib/index.js:4749:17)
      at TypeScriptParserMixin.parseExprAtom (/app/out_found_ui/node_modules/@babel/parser/lib/index.js:4759:19)
      at TypeScriptParserMixin.parseExprSubscripts (/app/out_found_ui/node_modules/@babel/parser/lib/index.js:11081:23)
      at TypeScriptParserMixin.parseUpdate (/app/out_found_ui/node_modules/@babel/parser/lib/index.js:11066:21)
      at TypeScriptParserMixin.parseMaybeUnary (/app/out_found_ui/node_modules/@babel/parser/lib/index.js:11046:23)
      at TypeScriptParserMixin.parseMaybeUnary (/app/out_found_ui/node_modules/@babel/parser/lib/index.js:9837:18)
      at TypeScriptParserMixin.parseMaybeUnaryOrPrivate (/app/out_found_ui/node_modules/@babel/parser/lib/index.js:10899:61)
      at TypeScriptParserMixin.parseExprOps (/app/out_found_ui/node_modules/@babel/parser/lib/index.js:10904:23)
      at TypeScriptParserMixin.parseMaybeConditional (/app/out_found_ui/node_modules/@babel/parser/lib/index.js:10881:23)
      at TypeScriptParserMixin.parseMaybeAssign (/app/out_found_ui/node_modules/@babel/parser/lib/index.js:10831:21)
      at /app/out_found_ui/node_modules/@babel/parser/lib/index.js:9775:39
      at TypeScriptParserMixin.tryParse (/app/out_found_ui/node_modules/@babel/parser/lib/index.js:6907:20)
      at TypeScriptParserMixin.parseMaybeAssign (/app/out_found_ui/node_modules/@babel/parser/lib/index.js:9775:18)
      at /app/out_found_ui/node_modules/@babel/parser/lib/index.js:10800:39
      at TypeScriptParserMixin.allowInAnd (/app/out_found_ui/node_modules/@babel/parser/lib/index.js:12426:12)
      at TypeScriptParserMixin.parseMaybeAssignAllowIn (/app/out_found_ui/node_modules/@babel/parser/lib/index.js:10800:17)
      at TypeScriptParserMixin.parseMaybeAssignAllowInOrVoidPattern (/app/out_found_ui/node_modules/@babel/parser/lib/index.js:12493:17)
      at TypeScriptParserMixin.parseParenAndDistinguishExpression (/app/out_found_ui/node_modules/@babel/parser/lib/index.js:11675:28)
      at TypeScriptParserMixin.parseExprAtom (/app/out_found_ui/node_modules/@babel/parser/lib/index.js:11331:23)
      at TypeScriptParserMixin.parseExprAtom (/app/out_found_ui/node_modules/@babel/parser/lib/index.js:4764:20)
      at TypeScriptParserMixin.parseExprSubscripts (/app/out_found_ui/node_modules/@babel/parser/lib/index.js:11081:23)
      at TypeScriptParserMixin.parseUpdate (/app/out_found_ui/node_modules/@babel/parser/lib/index.js:11066:21)
      at TypeScriptParserMixin.parseMaybeUnary (/app/out_found_ui/node_modules/@babel/parser/lib/index.js:11046:23)
      at TypeScriptParserMixin.parseMaybeUnary (/app/out_found_ui/node_modules/@babel/parser/lib/index.js:9837:18)
      at TypeScriptParserMixin.parseMaybeUnaryOrPrivate (/app/out_found_ui/node_modules/@babel/parser/lib/index.js:10899:61)
      at TypeScriptParserMixin.parseExprOps (/app/out_found_ui/node_modules/@babel/parser/lib/index.js:10904:23)
      at TypeScriptParserMixin.parseMaybeConditional (/app/out_found_ui/node_modules/@babel/parser/lib/index.js:10881:23)
      at TypeScriptParserMixin.parseMaybeAssign (/app/out_found_ui/node_modules/@babel/parser/lib/index.js:10831:21)
      at TypeScriptParserMixin.parseMaybeAssign (/app/out_found_ui/node_modules/@babel/parser/lib/index.js:9786:20)
      at TypeScriptParserMixin.parseExpressionBase (/app/out_found_ui/node_modules/@babel/parser/lib/index.js:10784:23)
      at /app/out_found_ui/node_modules/@babel/parser/lib/index.js:10780:39
      at TypeScriptParserMixin.allowInAnd (/app/out_found_ui/node_modules/@babel/parser/lib/index.js:12421:16)
      at TypeScriptParserMixin.parseExpression (/app/out_found_ui/node_modules/@babel/parser/lib/index.js:10780:17)
      at TypeScriptParserMixin.parseReturnStatement (/app/out_found_ui/node_modules/@babel/parser/lib/index.js:13142:28)
      at TypeScriptParserMixin.parseStatementContent (/app/out_found_ui/node_modules/@babel/parser/lib/index.js:12798:21)
      at TypeScriptParserMixin.parseStatementContent (/app/out_found_ui/node_modules/@babel/parser/lib/index.js:9508:18)
      at TypeScriptParserMixin.parseStatementLike (/app/out_found_ui/node_modules/@babel/parser/lib/index.js:12767:17)
4:15:33 AM [vite] Internal server error: /app/out_found_ui/src/pages/CaseIntake.tsx: Unexpected token (90:47)

  88 |               <FormControl sx={{ flex: 1 }}>
  89 |                 <FormLabel>Height</FormLabel>
> 90 |                 <Input placeholder="e.g. 5'10\"" />
     |                                                ^
  91 |               </FormControl>
  92 |               <FormControl sx={{ flex: 1 }}>
  93 |                 <FormLabel>Weight</FormLabel>
  Plugin: vite:react-babel
  File: /app/out_found_ui/src/pages/CaseIntake.tsx:90:47
  88 |                <FormControl sx={{ flex: 1 }}>
  89 |                  <FormLabel>Height</FormLabel>
  90 |                  <Input placeholder="e.g. 5'10\"" />
     |                                                 ^
  91 |                </FormControl>
  92 |                <FormControl sx={{ flex: 1 }}>
      at constructor (/app/out_found_ui/node_modules/@babel/parser/lib/index.js:365:19)
      at TypeScriptParserMixin.raise (/app/out_found_ui/node_modules/@babel/parser/lib/index.js:6599:19)
      at TypeScriptParserMixin.unexpected (/app/out_found_ui/node_modules/@babel/parser/lib/index.js:6619:16)
      at TypeScriptParserMixin.jsxParseIdentifier (/app/out_found_ui/node_modules/@babel/parser/lib/index.js:4569:12)
      at TypeScriptParserMixin.jsxParseNamespacedName (/app/out_found_ui/node_modules/@babel/parser/lib/index.js:4576:23)
      at TypeScriptParserMixin.jsxParseAttribute (/app/out_found_ui/node_modules/@babel/parser/lib/index.js:4652:22)
      at TypeScriptParserMixin.jsxParseOpeningElementAfterName (/app/out_found_ui/node_modules/@babel/parser/lib/index.js:4667:28)
      at TypeScriptParserMixin.jsxParseOpeningElementAfterName (/app/out_found_ui/node_modules/@babel/parser/lib/index.js:10043:18)
      at TypeScriptParserMixin.jsxParseOpeningElementAt (/app/out_found_ui/node_modules/@babel/parser/lib/index.js:4662:17)
      at TypeScriptParserMixin.jsxParseElementAt (/app/out_found_ui/node_modules/@babel/parser/lib/index.js:4686:33)
      at TypeScriptParserMixin.jsxParseElementAt (/app/out_found_ui/node_modules/@babel/parser/lib/index.js:4698:32)
      at TypeScriptParserMixin.jsxParseElementAt (/app/out_found_ui/node_modules/@babel/parser/lib/index.js:4698:32)
      at TypeScriptParserMixin.jsxParseElementAt (/app/out_found_ui/node_modules/@babel/parser/lib/index.js:4698:32)
      at TypeScriptParserMixin.jsxParseElement (/app/out_found_ui/node_modules/@babel/parser/lib/index.js:4749:17)
      at TypeScriptParserMixin.parseExprAtom (/app/out_found_ui/node_modules/@babel/parser/lib/index.js:4759:19)
      at TypeScriptParserMixin.parseExprSubscripts (/app/out_found_ui/node_modules/@babel/parser/lib/index.js:11081:23)
      at TypeScriptParserMixin.parseUpdate (/app/out_found_ui/node_modules/@babel/parser/lib/index.js:11066:21)
      at TypeScriptParserMixin.parseMaybeUnary (/app/out_found_ui/node_modules/@babel/parser/lib/index.js:11046:23)
      at TypeScriptParserMixin.parseMaybeUnary (/app/out_found_ui/node_modules/@babel/parser/lib/index.js:9837:18)
      at TypeScriptParserMixin.parseMaybeUnaryOrPrivate (/app/out_found_ui/node_modules/@babel/parser/lib/index.js:10899:61)
      at TypeScriptParserMixin.parseExprOps (/app/out_found_ui/node_modules/@babel/parser/lib/index.js:10904:23)
      at TypeScriptParserMixin.parseMaybeConditional (/app/out_found_ui/node_modules/@babel/parser/lib/index.js:10881:23)
      at TypeScriptParserMixin.parseMaybeAssign (/app/out_found_ui/node_modules/@babel/parser/lib/index.js:10831:21)
      at /app/out_found_ui/node_modules/@babel/parser/lib/index.js:9775:39
      at TypeScriptParserMixin.tryParse (/app/out_found_ui/node_modules/@babel/parser/lib/index.js:6907:20)
      at TypeScriptParserMixin.parseMaybeAssign (/app/out_found_ui/node_modules/@babel/parser/lib/index.js:9775:18)
      at /app/out_found_ui/node_modules/@babel/parser/lib/index.js:10800:39
      at TypeScriptParserMixin.allowInAnd (/app/out_found_ui/node_modules/@babel/parser/lib/index.js:12426:12)
      at TypeScriptParserMixin.parseMaybeAssignAllowIn (/app/out_found_ui/node_modules/@babel/parser/lib/index.js:10800:17)
      at TypeScriptParserMixin.parseMaybeAssignAllowInOrVoidPattern (/app/out_found_ui/node_modules/@babel/parser/lib/index.js:12493:17)
      at TypeScriptParserMixin.parseParenAndDistinguishExpression (/app/out_found_ui/node_modules/@babel/parser/lib/index.js:11675:28)
      at TypeScriptParserMixin.parseExprAtom (/app/out_found_ui/node_modules/@babel/parser/lib/index.js:11331:23)
      at TypeScriptParserMixin.parseExprAtom (/app/out_found_ui/node_modules/@babel/parser/lib/index.js:4764:20)
      at TypeScriptParserMixin.parseExprSubscripts (/app/out_found_ui/node_modules/@babel/parser/lib/index.js:11081:23)
      at TypeScriptParserMixin.parseUpdate (/app/out_found_ui/node_modules/@babel/parser/lib/index.js:11066:21)
      at TypeScriptParserMixin.parseMaybeUnary (/app/out_found_ui/node_modules/@babel/parser/lib/index.js:11046:23)
      at TypeScriptParserMixin.parseMaybeUnary (/app/out_found_ui/node_modules/@babel/parser/lib/index.js:9837:18)
      at TypeScriptParserMixin.parseMaybeUnaryOrPrivate (/app/out_found_ui/node_modules/@babel/parser/lib/index.js:10899:61)
      at TypeScriptParserMixin.parseExprOps (/app/out_found_ui/node_modules/@babel/parser/lib/index.js:10904:23)
      at TypeScriptParserMixin.parseMaybeConditional (/app/out_found_ui/node_modules/@babel/parser/lib/index.js:10881:23)
      at TypeScriptParserMixin.parseMaybeAssign (/app/out_found_ui/node_modules/@babel/parser/lib/index.js:10831:21)
      at TypeScriptParserMixin.parseMaybeAssign (/app/out_found_ui/node_modules/@babel/parser/lib/index.js:9786:20)
      at TypeScriptParserMixin.parseExpressionBase (/app/out_found_ui/node_modules/@babel/parser/lib/index.js:10784:23)
      at /app/out_found_ui/node_modules/@babel/parser/lib/index.js:10780:39
      at TypeScriptParserMixin.allowInAnd (/app/out_found_ui/node_modules/@babel/parser/lib/index.js:12421:16)
      at TypeScriptParserMixin.parseExpression (/app/out_found_ui/node_modules/@babel/parser/lib/index.js:10780:17)
      at TypeScriptParserMixin.parseReturnStatement (/app/out_found_ui/node_modules/@babel/parser/lib/index.js:13142:28)
      at TypeScriptParserMixin.parseStatementContent (/app/out_found_ui/node_modules/@babel/parser/lib/index.js:12798:21)
      at TypeScriptParserMixin.parseStatementContent (/app/out_found_ui/node_modules/@babel/parser/lib/index.js:9508:18)
      at TypeScriptParserMixin.parseStatementLike (/app/out_found_ui/node_modules/@babel/parser/lib/index.js:12767:17)
